
> projet@0.0.0 start /var/www/html/projet
> node ./bin/www

Port 3000 is already in use

npm ERR! Linux 3.19.0-31-generic
npm ERR! argv "/usr/bin/nodejs" "/usr/local/bin/npm" "start"
npm ERR! node v5.10.1
npm ERR! npm  v3.8.3
npm ERR! code ELIFECYCLE
npm ERR! projet@0.0.0 start: `node ./bin/www`
npm ERR! Exit status 1
npm ERR! 
npm ERR! Failed at the projet@0.0.0 start script 'node ./bin/www'.
npm ERR! Make sure you have the latest version of node.js and npm installed.
npm ERR! If you do, this is most likely a problem with the projet package,
npm ERR! not with npm itself.
npm ERR! Tell the author that this fails on your system:
npm ERR!     node ./bin/www
npm ERR! You can get information on how to open an issue for this project with:
npm ERR!     npm bugs projet
npm ERR! Or if that isn't available, you can get their info via:
npm ERR!     npm owner ls projet
npm ERR! There is likely additional logging output above.

npm ERR! Please include the following file with any support request:
npm ERR!     /var/www/html/projet/script/npm-debug.log
